<?xml version="1.0" encoding="UTF-8"?>
<testsuites>
  <testsuite name="" tests="42" assertions="202" errors="0" warnings="0" failures="1" skipped="0" time="6.837885">
    <testsuite name="Feature" tests="42" assertions="202" errors="0" warnings="0" failures="1" skipped="0" time="6.837885">
      <testsuite name="Tests\Feature\BooksListTest" file="E:\prj\vandar\tests\Feature\BookListTest.php" tests="7" assertions="97" errors="0" warnings="0" failures="1" skipped="0" time="3.333881">
        <testcase name="testResponseStructure" class="Tests\Feature\BooksListTest" classname="Tests.Feature.BooksListTest" file="E:\prj\vandar\tests\Feature\BookListTest.php" line="14" assertions="76" time="2.330155"/>
        <testcase name="testListWithoutFilters" class="Tests\Feature\BooksListTest" classname="Tests.Feature.BooksListTest" file="E:\prj\vandar\tests\Feature\BookListTest.php" line="72" assertions="2" time="0.171068"/>
        <testcase name="testTitleFilter" class="Tests\Feature\BooksListTest" classname="Tests.Feature.BooksListTest" file="E:\prj\vandar\tests\Feature\BookListTest.php" line="92" assertions="4" time="0.104374"/>
        <testcase name="testAuthorsFilter" class="Tests\Feature\BooksListTest" classname="Tests.Feature.BooksListTest" file="E:\prj\vandar\tests\Feature\BookListTest.php" line="109" assertions="6" time="0.126899"/>
        <testcase name="testTitleSort" class="Tests\Feature\BooksListTest" classname="Tests.Feature.BooksListTest" file="E:\prj\vandar\tests\Feature\BookListTest.php" line="139" assertions="4" time="0.143627"/>
        <testcase name="testAvgReviewSort" class="Tests\Feature\BooksListTest" classname="Tests.Feature.BooksListTest" file="E:\prj\vandar\tests\Feature\BookListTest.php" line="157" assertions="1" time="0.164922">
          <failure type="PHPUnit\Framework\ExpectationFailedException">Tests\Feature\BooksListTest::testAvgReviewSort
Expected response status code [200] but received 500.
  Failed asserting that 200 is identical to 500.

E:\prj\vandar\vendor\laravel\framework\src\Illuminate\Testing\TestResponse.php:177
E:\prj\vandar\tests\Feature\BookListTest.php:179</failure>
        </testcase>
        <testcase name="testPagination" class="Tests\Feature\BooksListTest" classname="Tests.Feature.BooksListTest" file="E:\prj\vandar\tests\Feature\BookListTest.php" line="189" assertions="4" time="0.292836"/>
      </testsuite>
      <testsuite name="Tests\Feature\BookPostTest" file="E:\prj\vandar\tests\Feature\BookPostTest.php" tests="24" assertions="71" errors="0" warnings="0" failures="0" skipped="0" time="2.549612">
        <testcase name="testDenyGuestAccess" class="Tests\Feature\BookPostTest" classname="Tests.Feature.BookPostTest" file="E:\prj\vandar\tests\Feature\BookPostTest.php" line="13" assertions="1" time="0.114825"/>
        <testcase name="testDenyNonAdminUserAccess" class="Tests\Feature\BookPostTest" classname="Tests.Feature.BookPostTest" file="E:\prj\vandar\tests\Feature\BookPostTest.php" line="27" assertions="1" time="0.128439"/>
        <testcase name="testSuccessfulPost" class="Tests\Feature\BookPostTest" classname="Tests.Feature.BookPostTest" file="E:\prj\vandar\tests\Feature\BookPostTest.php" line="44" assertions="6" time="0.212429"/>
        <testsuite name="Tests\Feature\BookPostTest::testValidation" tests="21" assertions="63" errors="0" warnings="0" failures="0" skipped="0" time="2.093920">
          <testcase name="testValidation with data set #0" class="Tests\Feature\BookPostTest" classname="Tests.Feature.BookPostTest" file="E:\prj\vandar\tests\Feature\BookPostTest.php" line="72" assertions="3" time="0.129939"/>
          <testcase name="testValidation with data set #1" class="Tests\Feature\BookPostTest" classname="Tests.Feature.BookPostTest" file="E:\prj\vandar\tests\Feature\BookPostTest.php" line="72" assertions="3" time="0.082366"/>
          <testcase name="testValidation with data set #2" class="Tests\Feature\BookPostTest" classname="Tests.Feature.BookPostTest" file="E:\prj\vandar\tests\Feature\BookPostTest.php" line="72" assertions="3" time="0.084789"/>
          <testcase name="testValidation with data set #3" class="Tests\Feature\BookPostTest" classname="Tests.Feature.BookPostTest" file="E:\prj\vandar\tests\Feature\BookPostTest.php" line="72" assertions="3" time="0.085273"/>
          <testcase name="testValidation with data set #4" class="Tests\Feature\BookPostTest" classname="Tests.Feature.BookPostTest" file="E:\prj\vandar\tests\Feature\BookPostTest.php" line="72" assertions="3" time="0.083948"/>
          <testcase name="testValidation with data set #5" class="Tests\Feature\BookPostTest" classname="Tests.Feature.BookPostTest" file="E:\prj\vandar\tests\Feature\BookPostTest.php" line="72" assertions="3" time="0.094456"/>
          <testcase name="testValidation with data set #6" class="Tests\Feature\BookPostTest" classname="Tests.Feature.BookPostTest" file="E:\prj\vandar\tests\Feature\BookPostTest.php" line="72" assertions="3" time="0.106310"/>
          <testcase name="testValidation with data set #7" class="Tests\Feature\BookPostTest" classname="Tests.Feature.BookPostTest" file="E:\prj\vandar\tests\Feature\BookPostTest.php" line="72" assertions="3" time="0.097522"/>
          <testcase name="testValidation with data set #8" class="Tests\Feature\BookPostTest" classname="Tests.Feature.BookPostTest" file="E:\prj\vandar\tests\Feature\BookPostTest.php" line="72" assertions="3" time="0.156570"/>
          <testcase name="testValidation with data set #9" class="Tests\Feature\BookPostTest" classname="Tests.Feature.BookPostTest" file="E:\prj\vandar\tests\Feature\BookPostTest.php" line="72" assertions="3" time="0.102134"/>
          <testcase name="testValidation with data set #10" class="Tests\Feature\BookPostTest" classname="Tests.Feature.BookPostTest" file="E:\prj\vandar\tests\Feature\BookPostTest.php" line="72" assertions="3" time="0.134419"/>
          <testcase name="testValidation with data set #11" class="Tests\Feature\BookPostTest" classname="Tests.Feature.BookPostTest" file="E:\prj\vandar\tests\Feature\BookPostTest.php" line="72" assertions="3" time="0.087441"/>
          <testcase name="testValidation with data set #12" class="Tests\Feature\BookPostTest" classname="Tests.Feature.BookPostTest" file="E:\prj\vandar\tests\Feature\BookPostTest.php" line="72" assertions="3" time="0.101415"/>
          <testcase name="testValidation with data set #13" class="Tests\Feature\BookPostTest" classname="Tests.Feature.BookPostTest" file="E:\prj\vandar\tests\Feature\BookPostTest.php" line="72" assertions="3" time="0.084558"/>
          <testcase name="testValidation with data set #14" class="Tests\Feature\BookPostTest" classname="Tests.Feature.BookPostTest" file="E:\prj\vandar\tests\Feature\BookPostTest.php" line="72" assertions="3" time="0.083858"/>
          <testcase name="testValidation with data set #15" class="Tests\Feature\BookPostTest" classname="Tests.Feature.BookPostTest" file="E:\prj\vandar\tests\Feature\BookPostTest.php" line="72" assertions="3" time="0.088653"/>
          <testcase name="testValidation with data set #16" class="Tests\Feature\BookPostTest" classname="Tests.Feature.BookPostTest" file="E:\prj\vandar\tests\Feature\BookPostTest.php" line="72" assertions="3" time="0.090550"/>
          <testcase name="testValidation with data set #17" class="Tests\Feature\BookPostTest" classname="Tests.Feature.BookPostTest" file="E:\prj\vandar\tests\Feature\BookPostTest.php" line="72" assertions="3" time="0.105032"/>
          <testcase name="testValidation with data set #18" class="Tests\Feature\BookPostTest" classname="Tests.Feature.BookPostTest" file="E:\prj\vandar\tests\Feature\BookPostTest.php" line="72" assertions="3" time="0.094804"/>
          <testcase name="testValidation with data set #19" class="Tests\Feature\BookPostTest" classname="Tests.Feature.BookPostTest" file="E:\prj\vandar\tests\Feature\BookPostTest.php" line="72" assertions="3" time="0.109937"/>
          <testcase name="testValidation with data set #20" class="Tests\Feature\BookPostTest" classname="Tests.Feature.BookPostTest" file="E:\prj\vandar\tests\Feature\BookPostTest.php" line="72" assertions="3" time="0.089948"/>
        </testsuite>
      </testsuite>
      <testsuite name="Tests\Feature\BookReviewTest" file="E:\prj\vandar\tests\Feature\BookReviewTest.php" tests="11" assertions="34" errors="0" warnings="0" failures="0" skipped="0" time="0.954392">
        <testcase name="testDenyGuestAccess" class="Tests\Feature\BookReviewTest" classname="Tests.Feature.BookReviewTest" file="E:\prj\vandar\tests\Feature\BookReviewTest.php" line="14" assertions="1" time="0.096700"/>
        <testcase name="testSuccessfulPost" class="Tests\Feature\BookReviewTest" classname="Tests.Feature.BookReviewTest" file="E:\prj\vandar\tests\Feature\BookReviewTest.php" line="26" assertions="6" time="0.113335"/>
        <testsuite name="Tests\Feature\BookReviewTest::testValidation" tests="9" assertions="27" errors="0" warnings="0" failures="0" skipped="0" time="0.744358">
          <testcase name="testValidation with data set #0" class="Tests\Feature\BookReviewTest" classname="Tests.Feature.BookReviewTest" file="E:\prj\vandar\tests\Feature\BookReviewTest.php" line="64" assertions="3" time="0.080438"/>
          <testcase name="testValidation with data set #1" class="Tests\Feature\BookReviewTest" classname="Tests.Feature.BookReviewTest" file="E:\prj\vandar\tests\Feature\BookReviewTest.php" line="64" assertions="3" time="0.079734"/>
          <testcase name="testValidation with data set #2" class="Tests\Feature\BookReviewTest" classname="Tests.Feature.BookReviewTest" file="E:\prj\vandar\tests\Feature\BookReviewTest.php" line="64" assertions="3" time="0.082020"/>
          <testcase name="testValidation with data set #3" class="Tests\Feature\BookReviewTest" classname="Tests.Feature.BookReviewTest" file="E:\prj\vandar\tests\Feature\BookReviewTest.php" line="64" assertions="3" time="0.081715"/>
          <testcase name="testValidation with data set #4" class="Tests\Feature\BookReviewTest" classname="Tests.Feature.BookReviewTest" file="E:\prj\vandar\tests\Feature\BookReviewTest.php" line="64" assertions="3" time="0.081721"/>
          <testcase name="testValidation with data set #5" class="Tests\Feature\BookReviewTest" classname="Tests.Feature.BookReviewTest" file="E:\prj\vandar\tests\Feature\BookReviewTest.php" line="64" assertions="3" time="0.083369"/>
          <testcase name="testValidation with data set #6" class="Tests\Feature\BookReviewTest" classname="Tests.Feature.BookReviewTest" file="E:\prj\vandar\tests\Feature\BookReviewTest.php" line="64" assertions="3" time="0.091383"/>
          <testcase name="testValidation with data set #7" class="Tests\Feature\BookReviewTest" classname="Tests.Feature.BookReviewTest" file="E:\prj\vandar\tests\Feature\BookReviewTest.php" line="64" assertions="3" time="0.080757"/>
          <testcase name="testValidation with data set #8" class="Tests\Feature\BookReviewTest" classname="Tests.Feature.BookReviewTest" file="E:\prj\vandar\tests\Feature\BookReviewTest.php" line="64" assertions="3" time="0.083221"/>
        </testsuite>
      </testsuite>
    </testsuite>
  </testsuite>
</testsuites>
